[2021-04-26T21:14:05+08:00][error] [0]Driver [Think] not supported.[D:\CmdTool\project\worker\xchat\vendor\topthink\framework\src\think\Manager.php:104]
[2021-04-26T21:15:08+08:00][error] [0]Driver [Think] not supported.[D:\CmdTool\project\worker\xchat\vendor\topthink\framework\src\think\Manager.php:104]
[2021-04-26T21:19:19+08:00][error] [0]Call to undefined method app\controller\Index::assign()[D:\CmdTool\project\worker\xchat\app\controller\Index.php:12]
[2021-04-26T21:21:05+08:00][error] [0]Call to undefined method app\controller\Index::fetch()[D:\CmdTool\project\worker\xchat\app\controller\Index.php:14]
[2021-04-26T21:21:18+08:00][error] [0]Call to undefined method app\controller\Xchat::fetch()[D:\CmdTool\project\worker\xchat\app\controller\Xchat.php:479]
[2021-04-26T21:22:43+08:00][error] [0]Call to undefined method app\controller\Xchat::fetch()[D:\CmdTool\project\worker\xchat\app\controller\Xchat.php:479]
[2021-04-26T21:28:56+08:00][sql] CONNECT:[ UseTime:0.001079s ] mysql:host=127.0.0.1;port=3306;dbname=xchat;charset=utf8
[2021-04-26T21:28:56+08:00][sql] SHOW FULL COLUMNS FROM `im_user` [ RunTime:0.008179s ]
[2021-04-26T21:28:56+08:00][sql] SELECT uid AS id,nickname AS name,`avatar`,login_status AS status,`id` FROM `im_user` WHERE  `status` = 0 ORDER BY `sort` ASC [ RunTime:0.000841s ]
[2021-04-26T21:28:56+08:00][sql] SHOW FULL COLUMNS FROM `im_chatlog` [ RunTime:0.006632s ]
[2021-04-26T21:28:56+08:00][sql] UPDATE `im_chatlog`  SET `city` = '本机地址' , `refer` = '' , `utime` = 1619443736  WHERE  `sender` = 'afb0e3a73153aaf990e4dee21d1a22ab'  ORDER BY `utime` DESC LIMIT 1 [ RunTime:0.000546s ]
[2021-04-26T21:28:56+08:00][sql] SHOW FULL COLUMNS FROM `im_reply` [ RunTime:0.006937s ]
[2021-04-26T21:28:56+08:00][sql] SELECT `id`,`pid`,`name`,`content`,`type` FROM `im_reply` ORDER BY `sort` DESC [ RunTime:0.000567s ]
[2021-04-26T21:29:00+08:00][sql] CONNECT:[ UseTime:0.011028s ] mysql:host=127.0.0.1;port=3306;dbname=xchat;charset=utf8
[2021-04-26T21:29:00+08:00][sql] SHOW FULL COLUMNS FROM `im_user` [ RunTime:0.007123s ]
[2021-04-26T21:29:00+08:00][sql] SELECT uid AS id,nickname AS name,`avatar`,login_status AS status,`id` FROM `im_user` WHERE  `status` = 0 ORDER BY `sort` ASC [ RunTime:0.000514s ]
[2021-04-26T21:29:00+08:00][sql] SHOW FULL COLUMNS FROM `im_chatlog` [ RunTime:0.007039s ]
[2021-04-26T21:29:00+08:00][sql] UPDATE `im_chatlog`  SET `city` = '本机地址' , `refer` = 'http://chat.me/xchat/visitor' , `utime` = 1619443740  WHERE  `sender` = 'afb0e3a73153aaf990e4dee21d1a22ab'  ORDER BY `utime` DESC LIMIT 1 [ RunTime:0.000595s ]
[2021-04-26T21:29:00+08:00][sql] SHOW FULL COLUMNS FROM `im_reply` [ RunTime:0.006641s ]
[2021-04-26T21:29:00+08:00][sql] SELECT `id`,`pid`,`name`,`content`,`type` FROM `im_reply` ORDER BY `sort` DESC [ RunTime:0.000403s ]
[2021-04-26T21:32:26+08:00][sql] CONNECT:[ UseTime:0.010739s ] mysql:host=127.0.0.1;port=3306;dbname=xchat;charset=utf8
[2021-04-26T21:32:26+08:00][sql] SHOW FULL COLUMNS FROM `im_user` [ RunTime:0.012739s ]
[2021-04-26T21:32:26+08:00][sql] SELECT uid AS id,nickname AS name,`avatar`,login_status AS status,`id` FROM `im_user` WHERE  `status` = 0 ORDER BY `sort` ASC [ RunTime:0.000371s ]
[2021-04-26T21:32:26+08:00][sql] SHOW FULL COLUMNS FROM `im_chatlog` [ RunTime:0.006149s ]
[2021-04-26T21:32:26+08:00][sql] UPDATE `im_chatlog`  SET `city` = '本机地址' , `refer` = 'http://chat.me/xchat/visitor' , `utime` = 1619443946  WHERE  `sender` = 'afb0e3a73153aaf990e4dee21d1a22ab'  ORDER BY `utime` DESC LIMIT 1 [ RunTime:0.000498s ]
[2021-04-26T21:32:26+08:00][sql] SHOW FULL COLUMNS FROM `im_reply` [ RunTime:0.006461s ]
[2021-04-26T21:32:26+08:00][sql] SELECT `id`,`pid`,`name`,`content`,`type` FROM `im_reply` ORDER BY `sort` DESC [ RunTime:0.000232s ]
[2021-04-26T21:33:41+08:00][sql] CONNECT:[ UseTime:0.000789s ] mysql:host=127.0.0.1;port=3306;dbname=xchat;charset=utf8
[2021-04-26T21:33:41+08:00][sql] SHOW FULL COLUMNS FROM `im_user` [ RunTime:0.008306s ]
[2021-04-26T21:33:41+08:00][sql] SELECT uid AS id,nickname AS name,`avatar`,login_status AS status,`id` FROM `im_user` WHERE  `status` = 0 ORDER BY `sort` ASC [ RunTime:0.000268s ]
[2021-04-26T21:33:41+08:00][sql] SHOW FULL COLUMNS FROM `im_chatlog` [ RunTime:0.006322s ]
[2021-04-26T21:33:41+08:00][sql] UPDATE `im_chatlog`  SET `city` = '本机地址' , `refer` = 'http://chat.me/xchat/visitor' , `utime` = 1619444021  WHERE  `sender` = 'afb0e3a73153aaf990e4dee21d1a22ab'  ORDER BY `utime` DESC LIMIT 1 [ RunTime:0.000349s ]
[2021-04-26T21:33:41+08:00][sql] SHOW FULL COLUMNS FROM `im_reply` [ RunTime:0.005728s ]
[2021-04-26T21:33:41+08:00][sql] SELECT `id`,`pid`,`name`,`content`,`type` FROM `im_reply` ORDER BY `sort` DESC [ RunTime:0.000215s ]
[2021-04-26T21:36:17+08:00][error] [0]Call to undefined method app\controller\Xchat::error()[D:\CmdTool\project\worker\xchat\app\controller\Xchat.php:120]
[2021-04-26T21:36:24+08:00][error] [0]Call to undefined method app\controller\Xchat::error()[D:\CmdTool\project\worker\xchat\app\controller\Xchat.php:120]
[2021-04-26T21:37:44+08:00][error] [0]Call to undefined method app\controller\Xchat::error()[D:\CmdTool\project\worker\xchat\app\controller\Xchat.php:120]
[2021-04-26T21:38:02+08:00][error] [0]Call to undefined method app\controller\Xchat::error()[D:\CmdTool\project\worker\xchat\app\controller\Xchat.php:120]
[2021-04-26T21:39:10+08:00][error] [0]Call to undefined method app\controller\Xchat::error()[D:\CmdTool\project\worker\xchat\app\controller\Xchat.php:120]
[2021-04-26T21:40:31+08:00][error] [0]Call to undefined method app\controller\Xchat::error()[D:\CmdTool\project\worker\xchat\app\controller\Xchat.php:120]
[2021-04-26T22:05:26+08:00][error] [0]Call to undefined method app\controller\Xchat::error()[D:\CmdTool\project\worker\xchat\app\controller\Xchat.php:120]
[2021-04-26T22:06:27+08:00][error] [0]Call to undefined method app\controller\Xchat::error()[D:\CmdTool\project\worker\xchat\app\controller\Xchat.php:120]
[2021-04-26T22:06:45+08:00][error] [0]Call to undefined method app\controller\Xchat::error()[D:\CmdTool\project\worker\xchat\app\controller\Xchat.php:120]
[2021-04-26T22:06:50+08:00][error] [0]Call to undefined method app\controller\Xchat::error()[D:\CmdTool\project\worker\xchat\app\controller\Xchat.php:120]
[2021-04-26T22:07:21+08:00][error] [0]Call to undefined method app\controller\Xchat::error()[D:\CmdTool\project\worker\xchat\app\controller\Xchat.php:120]
[2021-04-26T22:11:12+08:00][error] [0]Argument 1 passed to think\View::fetch() must be of the type string, null given[D:\CmdTool\project\worker\xchat\vendor\topthink\framework\src\think\View.php:87]
[2021-04-26T22:13:06+08:00][error] [0]Argument 1 passed to think\View::fetch() must be of the type string, null given[D:\CmdTool\project\worker\xchat\vendor\topthink\framework\src\think\View.php:87]
[2021-04-26T22:27:31+08:00][error] [8]未定义变量: _SESSION[D:\CmdTool\project\worker\xchat\app\controller\Xchat.php:14]
[2021-04-26T22:28:19+08:00][sql] CONNECT:[ UseTime:0.000916s ] mysql:host=127.0.0.1;port=3306;dbname=xchat;charset=utf8
[2021-04-26T22:28:19+08:00][sql] SHOW FULL COLUMNS FROM `im_user` [ RunTime:0.007601s ]
[2021-04-26T22:28:19+08:00][error] [10501]SQLSTATE[42S22]: Column not found: 1054 Unknown column 'sign' in 'field list'[D:\CmdTool\project\worker\xchat\vendor\topthink\think-orm\src\db\PDOConnection.php:795]
[2021-04-26T22:28:45+08:00][sql] CONNECT:[ UseTime:0.000675s ] mysql:host=127.0.0.1;port=3306;dbname=xchat;charset=utf8
[2021-04-26T22:28:45+08:00][sql] SHOW FULL COLUMNS FROM `im_user` [ RunTime:0.008578s ]
[2021-04-26T22:28:45+08:00][sql] SELECT `nickname`,`avatar`,`login_status`,`logout` FROM `im_user` WHERE  `uid` = 1  AND `status` = 0 LIMIT 1 [ RunTime:0.000555s ]
[2021-04-26T22:28:45+08:00][sql] UPDATE `im_user`  SET `login_status` = 'online' , `login_ip` = '127.0.0.1' , `login_time` = 1619447324  WHERE  `id` = 1 [ RunTime:0.053781s ]
[2021-04-26T22:28:45+08:00][sql] SELECT uid AS id,nickname AS name,`avatar`,login_status AS status,`id` FROM `im_user` WHERE  `uid` <> 1 ORDER BY `sort` ASC LIMIT 20 [ RunTime:0.000704s ]
[2021-04-26T22:28:45+08:00][sql] SHOW FULL COLUMNS FROM `im_match` [ RunTime:0.006981s ]
[2021-04-26T22:28:45+08:00][sql] SELECT `id`,`content` FROM `im_match` WHERE  `uid` = 1 ORDER BY `sort` DESC LIMIT 20 [ RunTime:0.000672s ]
[2021-04-26T22:28:45+08:00][error] [0]Class 'GatewayClient\Gateway' not found[D:\CmdTool\project\worker\xchat\app\controller\Xchat.php:166]
[2021-04-26T22:29:51+08:00][sql] CONNECT:[ UseTime:0.000877s ] mysql:host=127.0.0.1;port=3306;dbname=xchat;charset=utf8
[2021-04-26T22:29:51+08:00][sql] SHOW FULL COLUMNS FROM `im_user` [ RunTime:0.078094s ]
[2021-04-26T22:29:51+08:00][sql] SELECT `nickname`,`avatar`,`login_status`,`logout` FROM `im_user` WHERE  `uid` = 1  AND `status` = 0 LIMIT 1 [ RunTime:0.001918s ]
[2021-04-26T22:29:51+08:00][sql] UPDATE `im_user`  SET `login_status` = 'online' , `login_ip` = '127.0.0.1' , `login_time` = 1619447390  WHERE  `id` = 1 [ RunTime:0.030399s ]
[2021-04-26T22:29:51+08:00][sql] SELECT uid AS id,nickname AS name,`avatar`,login_status AS status,`id` FROM `im_user` WHERE  `uid` <> 1 ORDER BY `sort` ASC LIMIT 20 [ RunTime:0.002999s ]
[2021-04-26T22:29:51+08:00][sql] SHOW FULL COLUMNS FROM `im_match` [ RunTime:0.018412s ]
[2021-04-26T22:29:51+08:00][sql] SELECT `id`,`content` FROM `im_match` WHERE  `uid` = 1 ORDER BY `sort` DESC LIMIT 20 [ RunTime:0.000456s ]
[2021-04-26T22:31:21+08:00][sql] CONNECT:[ UseTime:0.000716s ] mysql:host=127.0.0.1;port=3306;dbname=xchat;charset=utf8
[2021-04-26T22:31:21+08:00][sql] SHOW FULL COLUMNS FROM `im_user` [ RunTime:0.006739s ]
[2021-04-26T22:31:21+08:00][sql] SELECT uid AS id,nickname AS name,`avatar`,login_status AS status,`id` FROM `im_user` WHERE  `status` = 0 ORDER BY `sort` ASC [ RunTime:0.000795s ]
[2021-04-26T22:31:21+08:00][sql] SELECT `nickname`,`avatar`,`logout` FROM `im_user` WHERE  `uid` = 1 LIMIT 1 [ RunTime:0.000612s ]
[2021-04-26T22:31:21+08:00][sql] SHOW FULL COLUMNS FROM `im_chatlog` [ RunTime:0.006881s ]
[2021-04-26T22:31:21+08:00][sql] UPDATE `im_chatlog`  SET `city` = '本机地址' , `refer` = 'http://chat.me/xchat/visitor' , `utime` = 1619447481  WHERE  `sender` = '1'  ORDER BY `utime` DESC LIMIT 1 [ RunTime:0.000621s ]
[2021-04-26T22:31:21+08:00][sql] SHOW FULL COLUMNS FROM `im_reply` [ RunTime:0.006897s ]
[2021-04-26T22:31:21+08:00][sql] SELECT `id`,`pid`,`name`,`content`,`type` FROM `im_reply` ORDER BY `sort` DESC [ RunTime:0.000492s ]
[2021-04-26T22:33:06+08:00][sql] CONNECT:[ UseTime:0.000822s ] mysql:host=127.0.0.1;port=3306;dbname=xchat;charset=utf8
[2021-04-26T22:33:06+08:00][sql] SHOW FULL COLUMNS FROM `im_user` [ RunTime:0.007699s ]
[2021-04-26T22:33:06+08:00][sql] SELECT uid AS id,nickname AS name,`avatar`,login_status AS status,`id` FROM `im_user` WHERE  `status` = 0 ORDER BY `sort` ASC [ RunTime:0.000716s ]
[2021-04-26T22:33:06+08:00][sql] SELECT `nickname`,`avatar`,`logout` FROM `im_user` WHERE  `uid` = 1 LIMIT 1 [ RunTime:0.000418s ]
[2021-04-26T22:33:06+08:00][sql] SHOW FULL COLUMNS FROM `im_chatlog` [ RunTime:0.006237s ]
[2021-04-26T22:33:06+08:00][sql] UPDATE `im_chatlog`  SET `city` = '本机地址' , `refer` = 'http://chat.me/xchat/visitor' , `utime` = 1619447586  WHERE  `sender` = '1'  ORDER BY `utime` DESC LIMIT 1 [ RunTime:0.000351s ]
[2021-04-26T22:33:06+08:00][sql] SHOW FULL COLUMNS FROM `im_reply` [ RunTime:0.005755s ]
[2021-04-26T22:33:06+08:00][sql] SELECT `id`,`pid`,`name`,`content`,`type` FROM `im_reply` ORDER BY `sort` DESC [ RunTime:0.000199s ]
[2021-04-26T22:33:37+08:00][sql] CONNECT:[ UseTime:0.000720s ] mysql:host=127.0.0.1;port=3306;dbname=xchat;charset=utf8
[2021-04-26T22:33:37+08:00][sql] SHOW FULL COLUMNS FROM `im_user` [ RunTime:0.007059s ]
[2021-04-26T22:33:37+08:00][sql] SELECT uid AS id,nickname AS name,`avatar`,login_status AS status,`id` FROM `im_user` WHERE  `status` = 0 ORDER BY `sort` ASC [ RunTime:0.000640s ]
[2021-04-26T22:33:37+08:00][sql] SELECT `nickname`,`avatar`,`logout` FROM `im_user` WHERE  `uid` = 1 LIMIT 1 [ RunTime:0.000431s ]
[2021-04-26T22:33:37+08:00][sql] SHOW FULL COLUMNS FROM `im_chatlog` [ RunTime:0.006859s ]
[2021-04-26T22:33:37+08:00][sql] UPDATE `im_chatlog`  SET `city` = '本机地址' , `refer` = 'http://chat.me/xchat/visitor' , `utime` = 1619447617  WHERE  `sender` = '1'  ORDER BY `utime` DESC LIMIT 1 [ RunTime:0.000870s ]
[2021-04-26T22:33:37+08:00][sql] SHOW FULL COLUMNS FROM `im_reply` [ RunTime:0.007383s ]
[2021-04-26T22:33:37+08:00][sql] SELECT `id`,`pid`,`name`,`content`,`type` FROM `im_reply` ORDER BY `sort` DESC [ RunTime:0.000524s ]
[2021-04-26T22:37:03+08:00][sql] CONNECT:[ UseTime:0.000809s ] mysql:host=127.0.0.1;port=3306;dbname=xchat;charset=utf8
[2021-04-26T22:37:03+08:00][sql] SHOW FULL COLUMNS FROM `im_user` [ RunTime:0.010504s ]
[2021-04-26T22:37:03+08:00][sql] SELECT uid AS id,nickname AS name,`avatar`,login_status AS status,`id` FROM `im_user` WHERE  `status` = 0 ORDER BY `sort` ASC [ RunTime:0.000946s ]
[2021-04-26T22:37:03+08:00][sql] SELECT `nickname`,`avatar`,`logout` FROM `im_user` WHERE  `uid` = 1 LIMIT 1 [ RunTime:0.000443s ]
[2021-04-26T22:37:03+08:00][sql] SHOW FULL COLUMNS FROM `im_chatlog` [ RunTime:0.010305s ]
[2021-04-26T22:37:03+08:00][sql] UPDATE `im_chatlog`  SET `city` = '本机地址' , `refer` = 'http://chat.me/xchat/visitor' , `utime` = 1619447823  WHERE  `sender` = '1'  ORDER BY `utime` DESC LIMIT 1 [ RunTime:0.000537s ]
[2021-04-26T22:37:03+08:00][sql] SHOW FULL COLUMNS FROM `im_reply` [ RunTime:0.009959s ]
[2021-04-26T22:37:03+08:00][sql] SELECT `id`,`pid`,`name`,`content`,`type` FROM `im_reply` ORDER BY `sort` DESC [ RunTime:0.000342s ]
[2021-04-26T22:37:03+08:00][sql] CONNECT:[ UseTime:0.000593s ] mysql:host=127.0.0.1;port=3306;dbname=xchat;charset=utf8
[2021-04-26T22:37:03+08:00][sql] SHOW FULL COLUMNS FROM `im_user` [ RunTime:0.006984s ]
[2021-04-26T22:37:03+08:00][sql] SELECT `nickname`,`avatar`,`login_status`,`logout` FROM `im_user` WHERE  `uid` = 1  AND `status` = 0 LIMIT 1 [ RunTime:0.000368s ]
[2021-04-26T22:37:03+08:00][sql] UPDATE `im_user`  SET `login_status` = 'online' , `login_ip` = '127.0.0.1' , `login_time` = 1619447823  WHERE  `id` = 1 [ RunTime:0.032578s ]
[2021-04-26T22:37:03+08:00][sql] SELECT uid AS id,nickname AS name,`avatar`,login_status AS status,`id` FROM `im_user` WHERE  `uid` <> 1 ORDER BY `sort` ASC LIMIT 20 [ RunTime:0.000850s ]
[2021-04-26T22:37:03+08:00][sql] SHOW FULL COLUMNS FROM `im_match` [ RunTime:0.006570s ]
[2021-04-26T22:37:03+08:00][sql] SELECT `id`,`content` FROM `im_match` WHERE  `uid` = 1 ORDER BY `sort` DESC LIMIT 20 [ RunTime:0.000542s ]
[2021-04-26T22:37:10+08:00][sql] CONNECT:[ UseTime:0.000665s ] mysql:host=127.0.0.1;port=3306;dbname=xchat;charset=utf8
[2021-04-26T22:37:10+08:00][sql] SHOW FULL COLUMNS FROM `im_user` [ RunTime:0.006963s ]
[2021-04-26T22:37:10+08:00][sql] SELECT `nickname`,`avatar`,`login_status`,`logout` FROM `im_user` WHERE  `uid` = 1  AND `status` = 0 LIMIT 1 [ RunTime:0.000395s ]
[2021-04-26T22:37:10+08:00][sql] UPDATE `im_user`  SET `login_status` = 'online' , `login_ip` = '127.0.0.1' , `login_time` = 1619447830  WHERE  `id` = 1 [ RunTime:0.031256s ]
[2021-04-26T22:37:10+08:00][sql] SELECT uid AS id,nickname AS name,`avatar`,login_status AS status,`id` FROM `im_user` WHERE  `uid` <> 1 ORDER BY `sort` ASC LIMIT 20 [ RunTime:0.002035s ]
[2021-04-26T22:37:10+08:00][sql] SHOW FULL COLUMNS FROM `im_match` [ RunTime:0.031837s ]
[2021-04-26T22:37:10+08:00][sql] SELECT `id`,`content` FROM `im_match` WHERE  `uid` = 1 ORDER BY `sort` DESC LIMIT 20 [ RunTime:0.001376s ]
[2021-04-26T22:37:38+08:00][sql] CONNECT:[ UseTime:0.000870s ] mysql:host=127.0.0.1;port=3306;dbname=xchat;charset=utf8
[2021-04-26T22:37:38+08:00][sql] SHOW FULL COLUMNS FROM `im_user` [ RunTime:0.007333s ]
[2021-04-26T22:37:38+08:00][sql] SELECT uid AS id,nickname AS name,`avatar`,login_status AS status,`id` FROM `im_user` WHERE  `status` = 0 ORDER BY `sort` ASC [ RunTime:0.000894s ]
[2021-04-26T22:37:38+08:00][sql] SHOW FULL COLUMNS FROM `im_chatlog` [ RunTime:0.007307s ]
[2021-04-26T22:37:38+08:00][sql] UPDATE `im_chatlog`  SET `city` = '本机地址' , `refer` = 'http://chat.me/xchat/visitor' , `utime` = 1619447858  WHERE  `sender` = 'afb0e3a73153aaf990e4dee21d1a22ab'  ORDER BY `utime` DESC LIMIT 1 [ RunTime:0.000566s ]
[2021-04-26T22:37:38+08:00][sql] SHOW FULL COLUMNS FROM `im_reply` [ RunTime:0.007135s ]
[2021-04-26T22:37:38+08:00][sql] SELECT `id`,`pid`,`name`,`content`,`type` FROM `im_reply` ORDER BY `sort` DESC [ RunTime:0.000408s ]
[2021-04-26T22:37:50+08:00][sql] CONNECT:[ UseTime:0.010181s ] mysql:host=127.0.0.1;port=3306;dbname=xchat;charset=utf8
[2021-04-26T22:37:50+08:00][sql] SHOW FULL COLUMNS FROM `im_user` [ RunTime:0.007659s ]
[2021-04-26T22:37:50+08:00][sql] SELECT uid AS id,nickname AS name,`avatar`,login_status AS status,`id` FROM `im_user` WHERE  `status` = 0 ORDER BY `sort` ASC [ RunTime:0.000404s ]
[2021-04-26T22:37:50+08:00][sql] SHOW FULL COLUMNS FROM `im_chatlog` [ RunTime:0.008644s ]
[2021-04-26T22:37:50+08:00][sql] UPDATE `im_chatlog`  SET `city` = '本机地址' , `refer` = 'http://chat.me/xchat/visitor' , `utime` = 1619447870  WHERE  `sender` = 'afb0e3a73153aaf990e4dee21d1a22ab'  ORDER BY `utime` DESC LIMIT 1 [ RunTime:0.000507s ]
[2021-04-26T22:37:50+08:00][sql] SHOW FULL COLUMNS FROM `im_reply` [ RunTime:0.007003s ]
[2021-04-26T22:37:50+08:00][sql] SELECT `id`,`pid`,`name`,`content`,`type` FROM `im_reply` ORDER BY `sort` DESC [ RunTime:0.000491s ]
[2021-04-26T22:38:50+08:00][sql] CONNECT:[ UseTime:0.000685s ] mysql:host=127.0.0.1;port=3306;dbname=xchat;charset=utf8
[2021-04-26T22:38:50+08:00][sql] SHOW FULL COLUMNS FROM `im_user` [ RunTime:0.036673s ]
[2021-04-26T22:38:50+08:00][sql] SELECT uid AS id,nickname AS name,`avatar`,login_status AS status,`id` FROM `im_user` WHERE  `status` = 0 ORDER BY `sort` ASC [ RunTime:0.000483s ]
[2021-04-26T22:38:50+08:00][sql] SHOW FULL COLUMNS FROM `im_chatlog` [ RunTime:0.056429s ]
[2021-04-26T22:38:50+08:00][sql] UPDATE `im_chatlog`  SET `city` = '本机地址' , `refer` = 'http://chat.me/xchat/visitor' , `utime` = 1619447930  WHERE  `sender` = 'afb0e3a73153aaf990e4dee21d1a22ab'  ORDER BY `utime` DESC LIMIT 1 [ RunTime:0.001071s ]
[2021-04-26T22:38:50+08:00][sql] SHOW FULL COLUMNS FROM `im_reply` [ RunTime:0.012388s ]
[2021-04-26T22:38:50+08:00][sql] SELECT `id`,`pid`,`name`,`content`,`type` FROM `im_reply` ORDER BY `sort` DESC [ RunTime:0.000388s ]
[2021-04-26T22:39:48+08:00][sql] CONNECT:[ UseTime:0.000797s ] mysql:host=127.0.0.1;port=3306;dbname=xchat;charset=utf8
[2021-04-26T22:39:48+08:00][sql] SHOW FULL COLUMNS FROM `im_user` [ RunTime:0.008722s ]
[2021-04-26T22:39:48+08:00][sql] SELECT uid AS id,nickname AS name,`avatar`,login_status AS status,`id` FROM `im_user` WHERE  `status` = 0 ORDER BY `sort` ASC [ RunTime:0.000340s ]
[2021-04-26T22:39:48+08:00][sql] SHOW FULL COLUMNS FROM `im_chatlog` [ RunTime:0.006734s ]
[2021-04-26T22:39:48+08:00][sql] UPDATE `im_chatlog`  SET `city` = '本机地址' , `refer` = 'http://chat.me/xchat/visitor' , `utime` = 1619447988  WHERE  `sender` = 'afb0e3a73153aaf990e4dee21d1a22ab'  ORDER BY `utime` DESC LIMIT 1 [ RunTime:0.000446s ]
[2021-04-26T22:39:48+08:00][sql] SHOW FULL COLUMNS FROM `im_reply` [ RunTime:0.008665s ]
[2021-04-26T22:39:48+08:00][sql] SELECT `id`,`pid`,`name`,`content`,`type` FROM `im_reply` ORDER BY `sort` DESC [ RunTime:0.000305s ]
[2021-04-26T22:41:17+08:00][sql] CONNECT:[ UseTime:0.001001s ] mysql:host=127.0.0.1;port=3306;dbname=xchat;charset=utf8
[2021-04-26T22:41:17+08:00][sql] SHOW FULL COLUMNS FROM `im_user` [ RunTime:0.007909s ]
[2021-04-26T22:41:17+08:00][sql] SELECT uid AS id,nickname AS name,`avatar`,login_status AS status,`id` FROM `im_user` WHERE  `status` = 0 ORDER BY `sort` ASC [ RunTime:0.000644s ]
[2021-04-26T22:41:17+08:00][sql] SHOW FULL COLUMNS FROM `im_chatlog` [ RunTime:0.007317s ]
[2021-04-26T22:41:17+08:00][sql] UPDATE `im_chatlog`  SET `city` = '本机地址' , `refer` = 'http://chat.me/xchat/visitor' , `utime` = 1619448077  WHERE  `sender` = 'afb0e3a73153aaf990e4dee21d1a22ab'  ORDER BY `utime` DESC LIMIT 1 [ RunTime:0.000894s ]
[2021-04-26T22:41:17+08:00][sql] SHOW FULL COLUMNS FROM `im_reply` [ RunTime:0.007474s ]
[2021-04-26T22:41:17+08:00][sql] SELECT `id`,`pid`,`name`,`content`,`type` FROM `im_reply` ORDER BY `sort` DESC [ RunTime:0.000334s ]
[2021-04-26T22:41:28+08:00][sql] CONNECT:[ UseTime:0.011089s ] mysql:host=127.0.0.1;port=3306;dbname=xchat;charset=utf8
[2021-04-26T22:41:28+08:00][sql] SHOW FULL COLUMNS FROM `im_user` [ RunTime:0.010567s ]
[2021-04-26T22:41:28+08:00][sql] SELECT uid AS id,nickname AS name,`avatar`,login_status AS status,`id` FROM `im_user` WHERE  `status` = 0 ORDER BY `sort` ASC [ RunTime:0.000342s ]
[2021-04-26T22:41:28+08:00][sql] SHOW FULL COLUMNS FROM `im_chatlog` [ RunTime:0.007156s ]
[2021-04-26T22:41:28+08:00][sql] UPDATE `im_chatlog`  SET `city` = '本机地址' , `refer` = 'http://chat.me/xchat/visitor' , `utime` = 1619448088  WHERE  `sender` = 'afb0e3a73153aaf990e4dee21d1a22ab'  ORDER BY `utime` DESC LIMIT 1 [ RunTime:0.000674s ]
[2021-04-26T22:41:28+08:00][sql] SHOW FULL COLUMNS FROM `im_reply` [ RunTime:0.007057s ]
[2021-04-26T22:41:28+08:00][sql] SELECT `id`,`pid`,`name`,`content`,`type` FROM `im_reply` ORDER BY `sort` DESC [ RunTime:0.000249s ]
[2021-04-26T22:44:42+08:00][sql] CONNECT:[ UseTime:0.001123s ] mysql:host=127.0.0.1;port=3306;dbname=xchat;charset=utf8
[2021-04-26T22:44:42+08:00][sql] SHOW FULL COLUMNS FROM `im_user` [ RunTime:0.007420s ]
[2021-04-26T22:44:42+08:00][sql] SELECT uid AS id,nickname AS name,`avatar`,login_status AS status,`id` FROM `im_user` WHERE  `status` = 0 ORDER BY `sort` ASC [ RunTime:0.000452s ]
[2021-04-26T22:44:42+08:00][sql] SHOW FULL COLUMNS FROM `im_chatlog` [ RunTime:0.007353s ]
[2021-04-26T22:44:42+08:00][sql] UPDATE `im_chatlog`  SET `city` = '本机地址' , `refer` = 'http://chat.me/xchat/visitor' , `utime` = 1619448282  WHERE  `sender` = 'afb0e3a73153aaf990e4dee21d1a22ab'  ORDER BY `utime` DESC LIMIT 1 [ RunTime:0.000904s ]
[2021-04-26T22:44:42+08:00][sql] SHOW FULL COLUMNS FROM `im_reply` [ RunTime:0.007197s ]
[2021-04-26T22:44:42+08:00][sql] SELECT `id`,`pid`,`name`,`content`,`type` FROM `im_reply` ORDER BY `sort` DESC [ RunTime:0.000512s ]
[2021-04-26T22:44:51+08:00][sql] CONNECT:[ UseTime:0.000778s ] mysql:host=127.0.0.1;port=3306;dbname=xchat;charset=utf8
[2021-04-26T22:44:51+08:00][sql] SHOW FULL COLUMNS FROM `im_user` [ RunTime:0.007034s ]
[2021-04-26T22:44:51+08:00][sql] SELECT uid AS id,nickname AS name,`avatar`,login_status AS status,`id` FROM `im_user` WHERE  `status` = 0 ORDER BY `sort` ASC [ RunTime:0.000722s ]
[2021-04-26T22:44:51+08:00][sql] SHOW FULL COLUMNS FROM `im_chatlog` [ RunTime:0.007541s ]
[2021-04-26T22:44:51+08:00][sql] UPDATE `im_chatlog`  SET `city` = '本机地址' , `refer` = 'http://chat.me/xchat/visitor' , `utime` = 1619448291  WHERE  `sender` = 'afb0e3a73153aaf990e4dee21d1a22ab'  ORDER BY `utime` DESC LIMIT 1 [ RunTime:0.000553s ]
[2021-04-26T22:44:51+08:00][sql] SHOW FULL COLUMNS FROM `im_reply` [ RunTime:0.007667s ]
[2021-04-26T22:44:51+08:00][sql] SELECT `id`,`pid`,`name`,`content`,`type` FROM `im_reply` ORDER BY `sort` DESC [ RunTime:0.000510s ]
[2021-04-26T22:45:20+08:00][sql] CONNECT:[ UseTime:0.010083s ] mysql:host=127.0.0.1;port=3306;dbname=xchat;charset=utf8
[2021-04-26T22:45:20+08:00][sql] SHOW FULL COLUMNS FROM `im_user` [ RunTime:0.007342s ]
[2021-04-26T22:45:20+08:00][sql] SELECT uid AS id,nickname AS name,`avatar`,login_status AS status,`id` FROM `im_user` WHERE  `status` = 0 ORDER BY `sort` ASC [ RunTime:0.000447s ]
[2021-04-26T22:46:01+08:00][sql] CONNECT:[ UseTime:0.000928s ] mysql:host=127.0.0.1;port=3306;dbname=xchat;charset=utf8
[2021-04-26T22:46:01+08:00][sql] SHOW FULL COLUMNS FROM `im_user` [ RunTime:0.007507s ]
[2021-04-26T22:46:01+08:00][sql] SELECT uid AS id,nickname AS name,`avatar`,login_status AS status,`id` FROM `im_user` WHERE  `status` = 0 ORDER BY `sort` ASC [ RunTime:0.000263s ]
[2021-04-26T22:46:01+08:00][sql] SHOW FULL COLUMNS FROM `im_chatlog` [ RunTime:0.006310s ]
[2021-04-26T22:46:01+08:00][sql] UPDATE `im_chatlog`  SET `city` = '本机地址' , `refer` = 'http://chat.me/xchat/visitor' , `utime` = 1619448361  WHERE  `sender` = 'afb0e3a73153aaf990e4dee21d1a22ab'  ORDER BY `utime` DESC LIMIT 1 [ RunTime:0.000336s ]
[2021-04-26T22:46:01+08:00][sql] SHOW FULL COLUMNS FROM `im_reply` [ RunTime:0.006983s ]
[2021-04-26T22:46:01+08:00][sql] SELECT `id`,`pid`,`name`,`content`,`type` FROM `im_reply` ORDER BY `sort` DESC [ RunTime:0.000225s ]
[2021-04-26T22:46:37+08:00][sql] CONNECT:[ UseTime:0.000909s ] mysql:host=127.0.0.1;port=3306;dbname=xchat;charset=utf8
[2021-04-26T22:46:37+08:00][sql] SHOW FULL COLUMNS FROM `im_user` [ RunTime:0.008344s ]
[2021-04-26T22:46:37+08:00][sql] SELECT uid AS id,nickname AS name,`avatar`,login_status AS status,`id` FROM `im_user` WHERE  `status` = 0 ORDER BY `sort` ASC [ RunTime:0.000354s ]
[2021-04-26T22:46:37+08:00][sql] SHOW FULL COLUMNS FROM `im_chatlog` [ RunTime:0.006998s ]
[2021-04-26T22:46:37+08:00][sql] UPDATE `im_chatlog`  SET `city` = '本机地址' , `refer` = 'http://chat.me/xchat/visitor' , `utime` = 1619448397  WHERE  `sender` = 'afb0e3a73153aaf990e4dee21d1a22ab'  ORDER BY `utime` DESC LIMIT 1 [ RunTime:0.000570s ]
[2021-04-26T22:46:37+08:00][sql] SHOW FULL COLUMNS FROM `im_reply` [ RunTime:0.008178s ]
[2021-04-26T22:46:37+08:00][sql] SELECT `id`,`pid`,`name`,`content`,`type` FROM `im_reply` ORDER BY `sort` DESC [ RunTime:0.000379s ]
[2021-04-26T22:47:00+08:00][sql] CONNECT:[ UseTime:0.011308s ] mysql:host=127.0.0.1;port=3306;dbname=xchat;charset=utf8
[2021-04-26T22:47:00+08:00][sql] SHOW FULL COLUMNS FROM `im_user` [ RunTime:0.008859s ]
[2021-04-26T22:47:00+08:00][sql] SELECT uid AS id,nickname AS name,`avatar`,login_status AS status,`id` FROM `im_user` WHERE  `status` = 0 ORDER BY `sort` ASC [ RunTime:0.000493s ]
[2021-04-26T22:47:00+08:00][sql] SHOW FULL COLUMNS FROM `im_chatlog` [ RunTime:0.007321s ]
[2021-04-26T22:47:00+08:00][sql] UPDATE `im_chatlog`  SET `city` = '本机地址' , `refer` = 'http://chat.me/xchat/visitor' , `utime` = 1619448420  WHERE  `sender` = 'afb0e3a73153aaf990e4dee21d1a22ab'  ORDER BY `utime` DESC LIMIT 1 [ RunTime:0.000575s ]
[2021-04-26T22:47:00+08:00][sql] SHOW FULL COLUMNS FROM `im_reply` [ RunTime:0.007165s ]
[2021-04-26T22:47:00+08:00][sql] SELECT `id`,`pid`,`name`,`content`,`type` FROM `im_reply` ORDER BY `sort` DESC [ RunTime:0.000482s ]
[2021-04-26T22:47:37+08:00][sql] CONNECT:[ UseTime:0.000965s ] mysql:host=127.0.0.1;port=3306;dbname=xchat;charset=utf8
[2021-04-26T22:47:37+08:00][sql] SHOW FULL COLUMNS FROM `im_user` [ RunTime:0.011721s ]
[2021-04-26T22:47:37+08:00][sql] SELECT uid AS id,nickname AS name,`avatar`,login_status AS status,`id` FROM `im_user` WHERE  `status` = 0 ORDER BY `sort` ASC [ RunTime:0.000447s ]
[2021-04-26T22:47:37+08:00][sql] SHOW FULL COLUMNS FROM `im_chatlog` [ RunTime:0.007344s ]
[2021-04-26T22:47:37+08:00][sql] UPDATE `im_chatlog`  SET `city` = '本机地址' , `refer` = 'http://chat.me/xchat/visitor' , `utime` = 1619448457  WHERE  `sender` = 'afb0e3a73153aaf990e4dee21d1a22ab'  ORDER BY `utime` DESC LIMIT 1 [ RunTime:0.000578s ]
[2021-04-26T22:47:37+08:00][sql] SHOW FULL COLUMNS FROM `im_reply` [ RunTime:0.007411s ]
[2021-04-26T22:47:37+08:00][sql] SELECT `id`,`pid`,`name`,`content`,`type` FROM `im_reply` ORDER BY `sort` DESC [ RunTime:0.000485s ]
[2021-04-26T22:47:41+08:00][sql] CONNECT:[ UseTime:0.000866s ] mysql:host=127.0.0.1;port=3306;dbname=xchat;charset=utf8
[2021-04-26T22:47:41+08:00][sql] SHOW FULL COLUMNS FROM `im_user` [ RunTime:0.007287s ]
[2021-04-26T22:47:41+08:00][sql] SELECT uid AS id,nickname AS name,`avatar`,login_status AS status,`id` FROM `im_user` WHERE  `status` = 0 ORDER BY `sort` ASC [ RunTime:0.000517s ]
[2021-04-26T22:47:41+08:00][sql] SHOW FULL COLUMNS FROM `im_chatlog` [ RunTime:0.007681s ]
[2021-04-26T22:47:41+08:00][sql] UPDATE `im_chatlog`  SET `city` = '本机地址' , `refer` = 'http://chat.me/xchat/visitor' , `utime` = 1619448461  WHERE  `sender` = 'afb0e3a73153aaf990e4dee21d1a22ab'  ORDER BY `utime` DESC LIMIT 1 [ RunTime:0.000621s ]
[2021-04-26T22:47:41+08:00][sql] SHOW FULL COLUMNS FROM `im_reply` [ RunTime:0.006735s ]
[2021-04-26T22:47:41+08:00][sql] SELECT `id`,`pid`,`name`,`content`,`type` FROM `im_reply` ORDER BY `sort` DESC [ RunTime:0.000484s ]
[2021-04-26T22:48:00+08:00][sql] CONNECT:[ UseTime:0.000984s ] mysql:host=127.0.0.1;port=3306;dbname=xchat;charset=utf8
[2021-04-26T22:48:00+08:00][sql] SHOW FULL COLUMNS FROM `im_user` [ RunTime:0.012160s ]
[2021-04-26T22:48:00+08:00][sql] SELECT uid AS id,nickname AS name,`avatar`,login_status AS status,`id` FROM `im_user` WHERE  `status` = 0 ORDER BY `sort` ASC [ RunTime:0.000523s ]
[2021-04-26T22:48:00+08:00][sql] SHOW FULL COLUMNS FROM `im_chatlog` [ RunTime:0.006872s ]
[2021-04-26T22:48:00+08:00][sql] UPDATE `im_chatlog`  SET `city` = '本机地址' , `refer` = 'http://chat.me/xchat/visitor' , `utime` = 1619448480  WHERE  `sender` = 'afb0e3a73153aaf990e4dee21d1a22ab'  ORDER BY `utime` DESC LIMIT 1 [ RunTime:0.000628s ]
[2021-04-26T22:48:00+08:00][sql] SHOW FULL COLUMNS FROM `im_reply` [ RunTime:0.006892s ]
[2021-04-26T22:48:00+08:00][sql] SELECT `id`,`pid`,`name`,`content`,`type` FROM `im_reply` ORDER BY `sort` DESC [ RunTime:0.000407s ]
[2021-04-26T22:53:50+08:00][sql] CONNECT:[ UseTime:0.000825s ] mysql:host=127.0.0.1;port=3306;dbname=xchat;charset=utf8
[2021-04-26T22:53:50+08:00][sql] SHOW FULL COLUMNS FROM `im_user` [ RunTime:0.006644s ]
[2021-04-26T22:53:50+08:00][sql] SELECT `nickname`,`avatar`,`login_status`,`logout` FROM `im_user` WHERE  `uid` = 1  AND `status` = 0 LIMIT 1 [ RunTime:0.000472s ]
[2021-04-26T22:53:50+08:00][sql] UPDATE `im_user`  SET `login_status` = 'online' , `login_ip` = '127.0.0.1' , `login_time` = 1619448830  WHERE  `uid` = 1 [ RunTime:0.015986s ]
[2021-04-26T22:53:50+08:00][sql] SELECT uid AS id,nickname AS name,`avatar`,login_status AS status,`id` FROM `im_user` WHERE  `uid` <> 1 ORDER BY `sort` ASC LIMIT 20 [ RunTime:0.000840s ]
[2021-04-26T22:53:50+08:00][sql] SHOW FULL COLUMNS FROM `im_match` [ RunTime:0.009753s ]
[2021-04-26T22:53:50+08:00][sql] SELECT `id`,`content` FROM `im_match` WHERE  `uid` = 1 ORDER BY `sort` DESC LIMIT 20 [ RunTime:0.000288s ]
[2021-04-26T22:53:58+08:00][sql] CONNECT:[ UseTime:0.000690s ] mysql:host=127.0.0.1;port=3306;dbname=xchat;charset=utf8
[2021-04-26T22:53:58+08:00][sql] SHOW FULL COLUMNS FROM `im_user` [ RunTime:0.006847s ]
[2021-04-26T22:53:58+08:00][sql] SELECT uid AS id,nickname AS name,`avatar`,login_status AS status,`id` FROM `im_user` WHERE  `status` = 0 ORDER BY `sort` ASC [ RunTime:0.000692s ]
[2021-04-26T22:53:58+08:00][sql] SHOW FULL COLUMNS FROM `im_chatlog` [ RunTime:0.006803s ]
[2021-04-26T22:53:58+08:00][sql] UPDATE `im_chatlog`  SET `city` = '本机地址' , `refer` = 'http://chat.me/xchat/visitor' , `utime` = 1619448838  WHERE  `sender` = 'afb0e3a73153aaf990e4dee21d1a22ab'  ORDER BY `utime` DESC LIMIT 1 [ RunTime:0.000701s ]
[2021-04-26T22:53:58+08:00][sql] SHOW FULL COLUMNS FROM `im_reply` [ RunTime:0.007020s ]
[2021-04-26T22:53:58+08:00][sql] SELECT `id`,`pid`,`name`,`content`,`type` FROM `im_reply` ORDER BY `sort` DESC [ RunTime:0.000304s ]
[2021-04-26T22:59:30+08:00][sql] CONNECT:[ UseTime:0.000710s ] mysql:host=127.0.0.1;port=3306;dbname=xchat;charset=utf8
[2021-04-26T22:59:30+08:00][sql] SHOW FULL COLUMNS FROM `im_user` [ RunTime:0.006038s ]
[2021-04-26T22:59:30+08:00][sql] SELECT `nickname`,`avatar`,`login_status`,`logout` FROM `im_user` WHERE  `uid` = 1  AND `status` = 0 LIMIT 1 [ RunTime:0.000378s ]
[2021-04-26T22:59:30+08:00][sql] SELECT uid AS id,nickname AS name,`avatar`,login_status AS status,`id` FROM `im_user` WHERE  `uid` <> 1 ORDER BY `sort` ASC LIMIT 20 [ RunTime:0.000190s ]
[2021-04-26T22:59:30+08:00][sql] SHOW FULL COLUMNS FROM `im_match` [ RunTime:0.007022s ]
[2021-04-26T22:59:30+08:00][sql] SELECT `id`,`content` FROM `im_match` WHERE  `uid` = 1 ORDER BY `sort` DESC LIMIT 20 [ RunTime:0.000239s ]
[2021-04-26T22:59:32+08:00][sql] CONNECT:[ UseTime:0.010631s ] mysql:host=127.0.0.1;port=3306;dbname=xchat;charset=utf8
[2021-04-26T22:59:32+08:00][sql] SHOW FULL COLUMNS FROM `im_user` [ RunTime:0.016028s ]
[2021-04-26T22:59:32+08:00][sql] SELECT uid AS id,nickname AS name,`avatar`,login_status AS status,`id` FROM `im_user` WHERE  `status` = 0 ORDER BY `sort` ASC [ RunTime:0.000531s ]
[2021-04-26T22:59:32+08:00][sql] SHOW FULL COLUMNS FROM `im_chatlog` [ RunTime:0.008963s ]
[2021-04-26T22:59:32+08:00][sql] UPDATE `im_chatlog`  SET `city` = '本机地址' , `refer` = 'http://chat.me/xchat/visitor' , `utime` = 1619449172  WHERE  `sender` = 'afb0e3a73153aaf990e4dee21d1a22ab'  ORDER BY `utime` DESC LIMIT 1 [ RunTime:0.000686s ]
[2021-04-26T22:59:32+08:00][sql] SHOW FULL COLUMNS FROM `im_reply` [ RunTime:0.007359s ]
[2021-04-26T22:59:32+08:00][sql] SELECT `id`,`pid`,`name`,`content`,`type` FROM `im_reply` ORDER BY `sort` DESC [ RunTime:0.000515s ]
[2021-04-26T23:05:03+08:00][sql] CONNECT:[ UseTime:0.000864s ] mysql:host=127.0.0.1;port=3306;dbname=xchat;charset=utf8
[2021-04-26T23:05:03+08:00][sql] SHOW FULL COLUMNS FROM `im_user` [ RunTime:0.007108s ]
[2021-04-26T23:05:03+08:00][sql] SELECT uid AS id,nickname AS name,`avatar`,login_status AS status,`id` FROM `im_user` WHERE  `status` = 0 ORDER BY `sort` ASC [ RunTime:0.000392s ]
[2021-04-26T23:05:03+08:00][sql] SHOW FULL COLUMNS FROM `im_chatlog` [ RunTime:0.006539s ]
[2021-04-26T23:05:03+08:00][sql] UPDATE `im_chatlog`  SET `city` = '本机地址' , `refer` = 'http://chat.me/xchat/visitor' , `utime` = 1619449503  WHERE  `sender` = 'afb0e3a73153aaf990e4dee21d1a22ab'  ORDER BY `utime` DESC LIMIT 1 [ RunTime:0.000418s ]
[2021-04-26T23:05:03+08:00][sql] SHOW FULL COLUMNS FROM `im_reply` [ RunTime:0.006646s ]
[2021-04-26T23:05:03+08:00][sql] SELECT `id`,`pid`,`name`,`content`,`type` FROM `im_reply` ORDER BY `sort` DESC [ RunTime:0.000231s ]
[2021-04-26T23:05:13+08:00][sql] CONNECT:[ UseTime:0.011115s ] mysql:host=127.0.0.1;port=3306;dbname=xchat;charset=utf8
[2021-04-26T23:05:13+08:00][sql] SHOW FULL COLUMNS FROM `im_user` [ RunTime:0.011320s ]
[2021-04-26T23:05:13+08:00][sql] SELECT uid AS id,nickname AS name,`avatar`,login_status AS status,`id` FROM `im_user` WHERE  `status` = 0 ORDER BY `sort` ASC [ RunTime:0.000334s ]
[2021-04-26T23:05:13+08:00][sql] SHOW FULL COLUMNS FROM `im_chatlog` [ RunTime:0.006888s ]
[2021-04-26T23:05:13+08:00][sql] UPDATE `im_chatlog`  SET `city` = '本机地址' , `refer` = 'http://chat.me/xchat/visitor' , `utime` = 1619449513  WHERE  `sender` = 'afb0e3a73153aaf990e4dee21d1a22ab'  ORDER BY `utime` DESC LIMIT 1 [ RunTime:0.000549s ]
[2021-04-26T23:05:13+08:00][sql] SHOW FULL COLUMNS FROM `im_reply` [ RunTime:0.006214s ]
[2021-04-26T23:05:13+08:00][sql] SELECT `id`,`pid`,`name`,`content`,`type` FROM `im_reply` ORDER BY `sort` DESC [ RunTime:0.000279s ]
[2021-04-26T23:05:21+08:00][sql] CONNECT:[ UseTime:0.000646s ] mysql:host=127.0.0.1;port=3306;dbname=xchat;charset=utf8
[2021-04-26T23:05:21+08:00][sql] SHOW FULL COLUMNS FROM `im_user` [ RunTime:0.006303s ]
[2021-04-26T23:05:21+08:00][sql] SELECT `nickname`,`avatar`,`login_status`,`logout` FROM `im_user` WHERE  `uid` = 1  AND `status` = 0 LIMIT 1 [ RunTime:0.000280s ]
[2021-04-26T23:05:21+08:00][sql] SELECT uid AS id,nickname AS name,`avatar`,login_status AS status,`id` FROM `im_user` WHERE  `uid` <> 1 ORDER BY `sort` ASC LIMIT 20 [ RunTime:0.000155s ]
[2021-04-26T23:05:21+08:00][sql] SHOW FULL COLUMNS FROM `im_match` [ RunTime:0.007249s ]
[2021-04-26T23:05:21+08:00][sql] SELECT `id`,`content` FROM `im_match` WHERE  `uid` = 1 ORDER BY `sort` DESC LIMIT 20 [ RunTime:0.000248s ]
[2021-04-26T23:05:29+08:00][sql] CONNECT:[ UseTime:0.000718s ] mysql:host=127.0.0.1;port=3306;dbname=xchat;charset=utf8
[2021-04-26T23:05:29+08:00][sql] SHOW FULL COLUMNS FROM `im_user` [ RunTime:0.006668s ]
[2021-04-26T23:05:29+08:00][sql] SELECT uid AS id,nickname AS name,`avatar`,login_status AS status,`id` FROM `im_user` WHERE  `status` = 0 ORDER BY `sort` ASC [ RunTime:0.000344s ]
[2021-04-26T23:05:29+08:00][sql] SHOW FULL COLUMNS FROM `im_chatlog` [ RunTime:0.006224s ]
[2021-04-26T23:05:29+08:00][sql] UPDATE `im_chatlog`  SET `city` = '本机地址' , `refer` = 'http://chat.me/xchat/visitor' , `utime` = 1619449529  WHERE  `sender` = 'afb0e3a73153aaf990e4dee21d1a22ab'  ORDER BY `utime` DESC LIMIT 1 [ RunTime:0.000559s ]
[2021-04-26T23:05:29+08:00][sql] SHOW FULL COLUMNS FROM `im_reply` [ RunTime:0.006356s ]
[2021-04-26T23:05:29+08:00][sql] SELECT `id`,`pid`,`name`,`content`,`type` FROM `im_reply` ORDER BY `sort` DESC [ RunTime:0.000253s ]
[2021-04-26T23:05:50+08:00][sql] CONNECT:[ UseTime:0.000618s ] mysql:host=127.0.0.1;port=3306;dbname=xchat;charset=utf8
[2021-04-26T23:05:50+08:00][sql] SHOW FULL COLUMNS FROM `im_user` [ RunTime:0.007231s ]
[2021-04-26T23:05:50+08:00][sql] SELECT `nickname`,`avatar`,`login_status`,`logout` FROM `im_user` WHERE  `uid` = 1  AND `status` = 0 LIMIT 1 [ RunTime:0.000262s ]
[2021-04-26T23:05:50+08:00][sql] SELECT uid AS id,nickname AS name,`avatar`,login_status AS status,`id` FROM `im_user` WHERE  `uid` <> 1 ORDER BY `sort` ASC LIMIT 20 [ RunTime:0.000181s ]
[2021-04-26T23:05:50+08:00][sql] SHOW FULL COLUMNS FROM `im_match` [ RunTime:0.005823s ]
[2021-04-26T23:05:50+08:00][sql] SELECT `id`,`content` FROM `im_match` WHERE  `uid` = 1 ORDER BY `sort` DESC LIMIT 20 [ RunTime:0.000194s ]
[2021-04-26T23:07:01+08:00][sql] CONNECT:[ UseTime:0.001934s ] mysql:host=127.0.0.1;port=3306;dbname=xchat;charset=utf8
[2021-04-26T23:07:01+08:00][sql] SHOW FULL COLUMNS FROM `im_user` [ RunTime:0.017649s ]
[2021-04-26T23:07:01+08:00][sql] SELECT `nickname`,`avatar`,`login_status`,`logout` FROM `im_user` WHERE  `uid` = 1  AND `status` = 0 LIMIT 1 [ RunTime:0.000518s ]
[2021-04-26T23:07:01+08:00][sql] SELECT uid AS id,nickname AS name,`avatar`,login_status AS status,`id` FROM `im_user` WHERE  `uid` <> 1 ORDER BY `sort` ASC LIMIT 20 [ RunTime:0.000553s ]
[2021-04-26T23:07:01+08:00][sql] SHOW FULL COLUMNS FROM `im_match` [ RunTime:0.011144s ]
[2021-04-26T23:07:01+08:00][sql] SELECT `id`,`content` FROM `im_match` WHERE  `uid` = 1 ORDER BY `sort` DESC LIMIT 20 [ RunTime:0.000271s ]
[2021-04-26T23:07:27+08:00][sql] CONNECT:[ UseTime:0.010310s ] mysql:host=127.0.0.1;port=3306;dbname=xchat;charset=utf8
[2021-04-26T23:07:27+08:00][sql] SHOW FULL COLUMNS FROM `im_user` [ RunTime:0.018780s ]
[2021-04-26T23:07:27+08:00][sql] SELECT uid AS id,nickname AS name,`avatar`,login_status AS status,`id` FROM `im_user` WHERE  `status` = 0 ORDER BY `sort` ASC [ RunTime:0.000648s ]
[2021-04-26T23:07:27+08:00][sql] SHOW FULL COLUMNS FROM `im_chatlog` [ RunTime:0.011654s ]
[2021-04-26T23:07:27+08:00][sql] UPDATE `im_chatlog`  SET `city` = '本机地址' , `refer` = 'http://chat.me/xchat/visitor' , `utime` = 1619449647  WHERE  `sender` = 'afb0e3a73153aaf990e4dee21d1a22ab'  ORDER BY `utime` DESC LIMIT 1 [ RunTime:0.000763s ]
[2021-04-26T23:07:27+08:00][sql] SHOW FULL COLUMNS FROM `im_reply` [ RunTime:0.007757s ]
[2021-04-26T23:07:27+08:00][sql] SELECT `id`,`pid`,`name`,`content`,`type` FROM `im_reply` ORDER BY `sort` DESC [ RunTime:0.000546s ]
[2021-04-26T23:08:14+08:00][sql] CONNECT:[ UseTime:0.000802s ] mysql:host=127.0.0.1;port=3306;dbname=xchat;charset=utf8
[2021-04-26T23:08:14+08:00][sql] SHOW FULL COLUMNS FROM `im_user` [ RunTime:0.008504s ]
[2021-04-26T23:08:14+08:00][sql] SELECT uid AS id,nickname AS name,`avatar`,login_status AS status,`id` FROM `im_user` WHERE  `status` = 0 ORDER BY `sort` ASC [ RunTime:0.000316s ]
[2021-04-26T23:08:14+08:00][sql] SHOW FULL COLUMNS FROM `im_chatlog` [ RunTime:0.007427s ]
[2021-04-26T23:08:14+08:00][sql] UPDATE `im_chatlog`  SET `city` = '本机地址' , `refer` = '' , `utime` = 1619449694  WHERE  `sender` = 'afb0e3a73153aaf990e4dee21d1a22ab'  ORDER BY `utime` DESC LIMIT 1 [ RunTime:0.000435s ]
[2021-04-26T23:08:14+08:00][sql] SHOW FULL COLUMNS FROM `im_reply` [ RunTime:0.010133s ]
[2021-04-26T23:08:14+08:00][sql] SELECT `id`,`pid`,`name`,`content`,`type` FROM `im_reply` ORDER BY `sort` DESC [ RunTime:0.000376s ]
[2021-04-26T23:09:30+08:00][sql] CONNECT:[ UseTime:0.010627s ] mysql:host=127.0.0.1;port=3306;dbname=xchat;charset=utf8
[2021-04-26T23:09:30+08:00][sql] SHOW FULL COLUMNS FROM `im_user` [ RunTime:0.008068s ]
[2021-04-26T23:09:30+08:00][sql] SELECT uid AS id,nickname AS name,`avatar`,login_status AS status,`id` FROM `im_user` WHERE  `status` = 0 ORDER BY `sort` ASC [ RunTime:0.000352s ]
[2021-04-26T23:09:30+08:00][sql] SHOW FULL COLUMNS FROM `im_chatlog` [ RunTime:0.007384s ]
[2021-04-26T23:09:30+08:00][sql] UPDATE `im_chatlog`  SET `city` = '本机地址' , `refer` = '' , `utime` = 1619449770  WHERE  `sender` = 'afb0e3a73153aaf990e4dee21d1a22ab'  ORDER BY `utime` DESC LIMIT 1 [ RunTime:0.000709s ]
[2021-04-26T23:09:30+08:00][sql] SHOW FULL COLUMNS FROM `im_reply` [ RunTime:0.007099s ]
[2021-04-26T23:09:30+08:00][sql] SELECT `id`,`pid`,`name`,`content`,`type` FROM `im_reply` ORDER BY `sort` DESC [ RunTime:0.000337s ]
[2021-04-26T23:09:43+08:00][sql] CONNECT:[ UseTime:0.010386s ] mysql:host=127.0.0.1;port=3306;dbname=xchat;charset=utf8
[2021-04-26T23:09:43+08:00][sql] SHOW FULL COLUMNS FROM `im_user` [ RunTime:0.007266s ]
[2021-04-26T23:09:43+08:00][sql] SELECT uid AS id,nickname AS name,`avatar`,login_status AS status,`id` FROM `im_user` WHERE  `status` = 0 ORDER BY `sort` ASC [ RunTime:0.000527s ]
[2021-04-26T23:09:43+08:00][sql] SHOW FULL COLUMNS FROM `im_chatlog` [ RunTime:0.006580s ]
[2021-04-26T23:09:43+08:00][sql] UPDATE `im_chatlog`  SET `city` = '本机地址' , `refer` = 'http://chat.me/xchat/visitor' , `utime` = 1619449783  WHERE  `sender` = 'afb0e3a73153aaf990e4dee21d1a22ab'  ORDER BY `utime` DESC LIMIT 1 [ RunTime:0.000498s ]
[2021-04-26T23:09:43+08:00][sql] SHOW FULL COLUMNS FROM `im_reply` [ RunTime:0.006691s ]
[2021-04-26T23:09:43+08:00][sql] SELECT `id`,`pid`,`name`,`content`,`type` FROM `im_reply` ORDER BY `sort` DESC [ RunTime:0.000477s ]
[2021-04-26T23:10:57+08:00][sql] CONNECT:[ UseTime:0.000899s ] mysql:host=127.0.0.1;port=3306;dbname=xchat;charset=utf8
[2021-04-26T23:10:57+08:00][sql] SHOW FULL COLUMNS FROM `im_user` [ RunTime:0.007284s ]
[2021-04-26T23:10:57+08:00][sql] SELECT uid AS id,nickname AS name,`avatar`,login_status AS status,`id` FROM `im_user` WHERE  `status` = 0 ORDER BY `sort` ASC [ RunTime:0.000478s ]
[2021-04-26T23:10:57+08:00][sql] SHOW FULL COLUMNS FROM `im_chatlog` [ RunTime:0.006861s ]
[2021-04-26T23:10:57+08:00][sql] UPDATE `im_chatlog`  SET `city` = '本机地址' , `refer` = 'http://chat.me/xchat/visitor' , `utime` = 1619449857  WHERE  `sender` = 'afb0e3a73153aaf990e4dee21d1a22ab'  ORDER BY `utime` DESC LIMIT 1 [ RunTime:0.000602s ]
[2021-04-26T23:10:57+08:00][sql] SHOW FULL COLUMNS FROM `im_reply` [ RunTime:0.006649s ]
[2021-04-26T23:10:57+08:00][sql] SELECT `id`,`pid`,`name`,`content`,`type` FROM `im_reply` ORDER BY `sort` DESC [ RunTime:0.000371s ]
[2021-04-26T23:11:07+08:00][sql] CONNECT:[ UseTime:0.010455s ] mysql:host=127.0.0.1;port=3306;dbname=xchat;charset=utf8
[2021-04-26T23:11:07+08:00][sql] SHOW FULL COLUMNS FROM `im_user` [ RunTime:0.006665s ]
[2021-04-26T23:11:07+08:00][sql] SELECT uid AS id,nickname AS name,`avatar`,login_status AS status,`id` FROM `im_user` WHERE  `status` = 0 ORDER BY `sort` ASC [ RunTime:0.000371s ]
[2021-04-26T23:11:07+08:00][sql] SHOW FULL COLUMNS FROM `im_chatlog` [ RunTime:0.006293s ]
[2021-04-26T23:11:07+08:00][sql] UPDATE `im_chatlog`  SET `city` = '本机地址' , `refer` = 'http://chat.me/xchat/visitor' , `utime` = 1619449867  WHERE  `sender` = 'afb0e3a73153aaf990e4dee21d1a22ab'  ORDER BY `utime` DESC LIMIT 1 [ RunTime:0.000427s ]
[2021-04-26T23:11:07+08:00][sql] SHOW FULL COLUMNS FROM `im_reply` [ RunTime:0.006079s ]
[2021-04-26T23:11:07+08:00][sql] SELECT `id`,`pid`,`name`,`content`,`type` FROM `im_reply` ORDER BY `sort` DESC [ RunTime:0.000292s ]
[2021-04-26T23:11:37+08:00][sql] CONNECT:[ UseTime:0.000631s ] mysql:host=127.0.0.1;port=3306;dbname=xchat;charset=utf8
[2021-04-26T23:11:37+08:00][sql] SHOW FULL COLUMNS FROM `im_user` [ RunTime:0.006669s ]
[2021-04-26T23:11:37+08:00][sql] SELECT uid AS id,nickname AS name,`avatar`,login_status AS status,`id` FROM `im_user` WHERE  `status` = 0 ORDER BY `sort` ASC [ RunTime:0.000349s ]
[2021-04-26T23:11:37+08:00][sql] SHOW FULL COLUMNS FROM `im_chatlog` [ RunTime:0.005924s ]
[2021-04-26T23:11:37+08:00][sql] UPDATE `im_chatlog`  SET `city` = '本机地址' , `refer` = 'http://chat.me/xchat/visitor' , `utime` = 1619449897  WHERE  `sender` = 'afb0e3a73153aaf990e4dee21d1a22ab'  ORDER BY `utime` DESC LIMIT 1 [ RunTime:0.000515s ]
[2021-04-26T23:11:37+08:00][sql] SHOW FULL COLUMNS FROM `im_reply` [ RunTime:0.006131s ]
[2021-04-26T23:11:37+08:00][sql] SELECT `id`,`pid`,`name`,`content`,`type` FROM `im_reply` ORDER BY `sort` DESC [ RunTime:0.000326s ]
[2021-04-26T23:13:15+08:00][sql] CONNECT:[ UseTime:0.000776s ] mysql:host=127.0.0.1;port=3306;dbname=xchat;charset=utf8
[2021-04-26T23:13:15+08:00][sql] SHOW FULL COLUMNS FROM `im_user` [ RunTime:0.007272s ]
[2021-04-26T23:13:15+08:00][sql] SELECT uid AS id,nickname AS name,`avatar`,login_status AS status,`id` FROM `im_user` WHERE  `status` = 0 ORDER BY `sort` ASC [ RunTime:0.000271s ]
[2021-04-26T23:13:15+08:00][sql] SHOW FULL COLUMNS FROM `im_chatlog` [ RunTime:0.098334s ]
[2021-04-26T23:13:15+08:00][sql] UPDATE `im_chatlog`  SET `city` = '本机地址' , `refer` = 'http://chat.me/xchat/visitor' , `utime` = 1619449995  WHERE  `sender` = 'afb0e3a73153aaf990e4dee21d1a22ab'  ORDER BY `utime` DESC LIMIT 1 [ RunTime:0.001790s ]
[2021-04-26T23:13:15+08:00][sql] SHOW FULL COLUMNS FROM `im_reply` [ RunTime:0.014521s ]
[2021-04-26T23:13:15+08:00][sql] SELECT `id`,`pid`,`name`,`content`,`type` FROM `im_reply` ORDER BY `sort` DESC [ RunTime:0.000425s ]
[2021-04-26T23:13:20+08:00][sql] CONNECT:[ UseTime:0.000653s ] mysql:host=127.0.0.1;port=3306;dbname=xchat;charset=utf8
[2021-04-26T23:13:20+08:00][sql] SHOW FULL COLUMNS FROM `im_user` [ RunTime:0.008157s ]
[2021-04-26T23:13:20+08:00][sql] SELECT `nickname`,`avatar`,`login_status`,`logout` FROM `im_user` WHERE  `uid` = 1  AND `status` = 0 LIMIT 1 [ RunTime:0.000355s ]
[2021-04-26T23:13:20+08:00][sql] SELECT uid AS id,nickname AS name,`avatar`,login_status AS status,`id` FROM `im_user` WHERE  `uid` <> 1 ORDER BY `sort` ASC LIMIT 20 [ RunTime:0.000239s ]
[2021-04-26T23:13:20+08:00][sql] SHOW FULL COLUMNS FROM `im_match` [ RunTime:0.006992s ]
[2021-04-26T23:13:20+08:00][sql] SELECT `id`,`content` FROM `im_match` WHERE  `uid` = 1 ORDER BY `sort` DESC LIMIT 20 [ RunTime:0.000242s ]
[2021-04-26T23:13:23+08:00][sql] CONNECT:[ UseTime:0.000718s ] mysql:host=127.0.0.1;port=3306;dbname=xchat;charset=utf8
[2021-04-26T23:13:23+08:00][sql] SHOW FULL COLUMNS FROM `im_user` [ RunTime:0.008404s ]
[2021-04-26T23:13:23+08:00][sql] SELECT uid AS id,nickname AS name,`avatar`,login_status AS status,`id` FROM `im_user` WHERE  `status` = 0 ORDER BY `sort` ASC [ RunTime:0.000333s ]
[2021-04-26T23:13:23+08:00][sql] SHOW FULL COLUMNS FROM `im_chatlog` [ RunTime:0.006989s ]
[2021-04-26T23:13:23+08:00][sql] UPDATE `im_chatlog`  SET `city` = '本机地址' , `refer` = '' , `utime` = 1619450003  WHERE  `sender` = 'afb0e3a73153aaf990e4dee21d1a22ab'  ORDER BY `utime` DESC LIMIT 1 [ RunTime:0.001286s ]
[2021-04-26T23:13:23+08:00][sql] SHOW FULL COLUMNS FROM `im_reply` [ RunTime:0.008431s ]
[2021-04-26T23:13:23+08:00][sql] SELECT `id`,`pid`,`name`,`content`,`type` FROM `im_reply` ORDER BY `sort` DESC [ RunTime:0.000479s ]
[2021-04-26T23:17:00+08:00][sql] CONNECT:[ UseTime:0.011670s ] mysql:host=127.0.0.1;port=3306;dbname=xchat;charset=utf8
[2021-04-26T23:17:00+08:00][sql] SHOW FULL COLUMNS FROM `im_user` [ RunTime:0.006843s ]
[2021-04-26T23:17:00+08:00][sql] SELECT uid AS id,nickname AS name,`avatar`,login_status AS status,`id` FROM `im_user` WHERE  `status` = 0 ORDER BY `sort` ASC [ RunTime:0.000697s ]
[2021-04-26T23:17:00+08:00][sql] SHOW FULL COLUMNS FROM `im_chatlog` [ RunTime:0.006597s ]
[2021-04-26T23:17:00+08:00][sql] UPDATE `im_chatlog`  SET `city` = '本机地址' , `refer` = 'http://chat.me/xchat/visitor' , `utime` = 1619450220  WHERE  `sender` = 'afb0e3a73153aaf990e4dee21d1a22ab'  ORDER BY `utime` DESC LIMIT 1 [ RunTime:0.000449s ]
[2021-04-26T23:17:00+08:00][sql] SHOW FULL COLUMNS FROM `im_reply` [ RunTime:0.006267s ]
[2021-04-26T23:17:00+08:00][sql] SELECT `id`,`pid`,`name`,`content`,`type` FROM `im_reply` ORDER BY `sort` DESC [ RunTime:0.000268s ]
[2021-04-26T23:17:04+08:00][sql] CONNECT:[ UseTime:0.000702s ] mysql:host=127.0.0.1;port=3306;dbname=xchat;charset=utf8
[2021-04-26T23:17:04+08:00][sql] SHOW FULL COLUMNS FROM `im_user` [ RunTime:0.006935s ]
[2021-04-26T23:17:04+08:00][sql] SELECT `nickname`,`avatar`,`login_status`,`logout` FROM `im_user` WHERE  `uid` = 1  AND `status` = 0 LIMIT 1 [ RunTime:0.000361s ]
[2021-04-26T23:17:04+08:00][sql] SELECT uid AS id,nickname AS name,`avatar`,login_status AS status,`id` FROM `im_user` WHERE  `uid` <> 1 ORDER BY `sort` ASC LIMIT 20 [ RunTime:0.000220s ]
[2021-04-26T23:17:04+08:00][sql] SHOW FULL COLUMNS FROM `im_match` [ RunTime:0.008038s ]
[2021-04-26T23:17:04+08:00][sql] SELECT `id`,`content` FROM `im_match` WHERE  `uid` = 1 ORDER BY `sort` DESC LIMIT 20 [ RunTime:0.000257s ]
[2021-04-26T23:17:11+08:00][sql] CONNECT:[ UseTime:0.000582s ] mysql:host=127.0.0.1;port=3306;dbname=xchat;charset=utf8
[2021-04-26T23:17:11+08:00][sql] SHOW FULL COLUMNS FROM `im_user` [ RunTime:0.006312s ]
[2021-04-26T23:17:11+08:00][sql] SELECT uid AS id,nickname AS name,`avatar`,login_status AS status,`id` FROM `im_user` WHERE  `status` = 0 ORDER BY `sort` ASC [ RunTime:0.000298s ]
[2021-04-26T23:17:11+08:00][sql] SHOW FULL COLUMNS FROM `im_chatlog` [ RunTime:0.006151s ]
[2021-04-26T23:17:11+08:00][sql] UPDATE `im_chatlog`  SET `city` = '本机地址' , `refer` = 'http://chat.me/xchat/visitor' , `utime` = 1619450231  WHERE  `sender` = 'afb0e3a73153aaf990e4dee21d1a22ab'  ORDER BY `utime` DESC LIMIT 1 [ RunTime:0.000378s ]
[2021-04-26T23:17:11+08:00][sql] SHOW FULL COLUMNS FROM `im_reply` [ RunTime:0.006161s ]
[2021-04-26T23:17:11+08:00][sql] SELECT `id`,`pid`,`name`,`content`,`type` FROM `im_reply` ORDER BY `sort` DESC [ RunTime:0.000206s ]
[2021-04-26T23:18:08+08:00][sql] CONNECT:[ UseTime:0.000963s ] mysql:host=127.0.0.1;port=3306;dbname=xchat;charset=utf8
[2021-04-26T23:18:08+08:00][sql] SHOW FULL COLUMNS FROM `im_user` [ RunTime:0.006223s ]
[2021-04-26T23:18:08+08:00][sql] SELECT `nickname`,`avatar`,`login_status`,`logout` FROM `im_user` WHERE  `uid` = 1  AND `status` = 0 LIMIT 1 [ RunTime:0.000250s ]
[2021-04-26T23:18:08+08:00][sql] SELECT uid AS id,nickname AS name,`avatar`,login_status AS status,`id` FROM `im_user` WHERE  `uid` <> 1 ORDER BY `sort` ASC LIMIT 20 [ RunTime:0.000161s ]
[2021-04-26T23:18:08+08:00][sql] SHOW FULL COLUMNS FROM `im_match` [ RunTime:0.006850s ]
[2021-04-26T23:18:08+08:00][sql] SELECT `id`,`content` FROM `im_match` WHERE  `uid` = 1 ORDER BY `sort` DESC LIMIT 20 [ RunTime:0.000394s ]
[2021-04-26T23:18:18+08:00][sql] CONNECT:[ UseTime:0.000589s ] mysql:host=127.0.0.1;port=3306;dbname=xchat;charset=utf8
[2021-04-26T23:18:18+08:00][sql] SHOW FULL COLUMNS FROM `im_user` [ RunTime:0.006245s ]
[2021-04-26T23:18:18+08:00][sql] SELECT uid AS id,nickname AS name,`avatar`,login_status AS status,`id` FROM `im_user` WHERE  `status` = 0 ORDER BY `sort` ASC [ RunTime:0.000305s ]
[2021-04-26T23:18:18+08:00][sql] SHOW FULL COLUMNS FROM `im_chatlog` [ RunTime:0.007143s ]
[2021-04-26T23:18:18+08:00][sql] UPDATE `im_chatlog`  SET `city` = '本机地址' , `refer` = 'http://chat.me/xchat/visitor' , `utime` = 1619450298  WHERE  `sender` = 'afb0e3a73153aaf990e4dee21d1a22ab'  ORDER BY `utime` DESC LIMIT 1 [ RunTime:0.000438s ]
[2021-04-26T23:18:18+08:00][sql] SHOW FULL COLUMNS FROM `im_reply` [ RunTime:0.006086s ]
[2021-04-26T23:18:18+08:00][sql] SELECT `id`,`pid`,`name`,`content`,`type` FROM `im_reply` ORDER BY `sort` DESC [ RunTime:0.000315s ]
[2021-04-26T23:18:30+08:00][sql] CONNECT:[ UseTime:0.010556s ] mysql:host=127.0.0.1;port=3306;dbname=xchat;charset=utf8
[2021-04-26T23:18:30+08:00][sql] SHOW FULL COLUMNS FROM `im_user` [ RunTime:0.017284s ]
[2021-04-26T23:18:30+08:00][sql] SELECT uid AS id,nickname AS name,`avatar`,login_status AS status,`id` FROM `im_user` WHERE  `status` = 0 ORDER BY `sort` ASC [ RunTime:0.001007s ]
[2021-04-26T23:18:30+08:00][sql] SHOW FULL COLUMNS FROM `im_chatlog` [ RunTime:0.018312s ]
[2021-04-26T23:18:30+08:00][sql] UPDATE `im_chatlog`  SET `city` = '本机地址' , `refer` = 'http://chat.me/xchat/visitor' , `utime` = 1619450310  WHERE  `sender` = 'afb0e3a73153aaf990e4dee21d1a22ab'  ORDER BY `utime` DESC LIMIT 1 [ RunTime:0.000900s ]
[2021-04-26T23:18:30+08:00][sql] SHOW FULL COLUMNS FROM `im_reply` [ RunTime:0.008886s ]
[2021-04-26T23:18:30+08:00][sql] SELECT `id`,`pid`,`name`,`content`,`type` FROM `im_reply` ORDER BY `sort` DESC [ RunTime:0.000550s ]
[2021-04-26T23:19:12+08:00][sql] CONNECT:[ UseTime:0.000719s ] mysql:host=127.0.0.1;port=3306;dbname=xchat;charset=utf8
[2021-04-26T23:19:12+08:00][sql] SHOW FULL COLUMNS FROM `im_user` [ RunTime:0.006852s ]
[2021-04-26T23:19:12+08:00][sql] SELECT uid AS id,nickname AS name,`avatar`,login_status AS status,`id` FROM `im_user` WHERE  `status` = 0 ORDER BY `sort` ASC [ RunTime:0.000324s ]
[2021-04-26T23:19:12+08:00][sql] SHOW FULL COLUMNS FROM `im_chatlog` [ RunTime:0.006410s ]
[2021-04-26T23:19:12+08:00][sql] UPDATE `im_chatlog`  SET `city` = '本机地址' , `refer` = 'http://chat.me/xchat/visitor' , `utime` = 1619450352  WHERE  `sender` = 'afb0e3a73153aaf990e4dee21d1a22ab'  ORDER BY `utime` DESC LIMIT 1 [ RunTime:0.000541s ]
[2021-04-26T23:19:12+08:00][sql] SHOW FULL COLUMNS FROM `im_reply` [ RunTime:0.006285s ]
[2021-04-26T23:19:12+08:00][sql] SELECT `id`,`pid`,`name`,`content`,`type` FROM `im_reply` ORDER BY `sort` DESC [ RunTime:0.000276s ]
[2021-04-26T23:19:56+08:00][sql] CONNECT:[ UseTime:0.000671s ] mysql:host=127.0.0.1;port=3306;dbname=xchat;charset=utf8
[2021-04-26T23:19:56+08:00][sql] SHOW FULL COLUMNS FROM `im_user` [ RunTime:0.006655s ]
[2021-04-26T23:19:56+08:00][sql] SELECT uid AS id,nickname AS name,`avatar`,login_status AS status,`id` FROM `im_user` WHERE  `status` = 0 ORDER BY `sort` ASC [ RunTime:0.000267s ]
[2021-04-26T23:19:56+08:00][sql] SHOW FULL COLUMNS FROM `im_chatlog` [ RunTime:0.005705s ]
[2021-04-26T23:19:56+08:00][sql] UPDATE `im_chatlog`  SET `city` = '本机地址' , `refer` = 'http://chat.me/xchat/visitor' , `utime` = 1619450396  WHERE  `sender` = 'afb0e3a73153aaf990e4dee21d1a22ab'  ORDER BY `utime` DESC LIMIT 1 [ RunTime:0.000479s ]
[2021-04-26T23:19:56+08:00][sql] SHOW FULL COLUMNS FROM `im_reply` [ RunTime:0.006442s ]
[2021-04-26T23:19:56+08:00][sql] SELECT `id`,`pid`,`name`,`content`,`type` FROM `im_reply` ORDER BY `sort` DESC [ RunTime:0.000224s ]
[2021-04-26T23:21:05+08:00][sql] CONNECT:[ UseTime:0.000695s ] mysql:host=127.0.0.1;port=3306;dbname=xchat;charset=utf8
[2021-04-26T23:21:05+08:00][sql] SHOW FULL COLUMNS FROM `im_user` [ RunTime:0.006686s ]
[2021-04-26T23:21:05+08:00][sql] SELECT uid AS id,nickname AS name,`avatar`,login_status AS status,`id` FROM `im_user` WHERE  `status` = 0 ORDER BY `sort` ASC [ RunTime:0.000238s ]
[2021-04-26T23:21:05+08:00][sql] SHOW FULL COLUMNS FROM `im_chatlog` [ RunTime:0.005704s ]
[2021-04-26T23:21:05+08:00][sql] UPDATE `im_chatlog`  SET `city` = '本机地址' , `refer` = 'http://chat.me/xchat/visitor' , `utime` = 1619450465  WHERE  `sender` = 'afb0e3a73153aaf990e4dee21d1a22ab'  ORDER BY `utime` DESC LIMIT 1 [ RunTime:0.000555s ]
[2021-04-26T23:21:05+08:00][sql] SHOW FULL COLUMNS FROM `im_reply` [ RunTime:0.006648s ]
[2021-04-26T23:21:05+08:00][sql] SELECT `id`,`pid`,`name`,`content`,`type` FROM `im_reply` ORDER BY `sort` DESC [ RunTime:0.000217s ]
[2021-04-26T23:21:58+08:00][sql] CONNECT:[ UseTime:0.000704s ] mysql:host=127.0.0.1;port=3306;dbname=xchat;charset=utf8
[2021-04-26T23:21:58+08:00][sql] SHOW FULL COLUMNS FROM `im_user` [ RunTime:0.007119s ]
[2021-04-26T23:21:58+08:00][sql] SELECT uid AS id,nickname AS name,`avatar`,login_status AS status,`id` FROM `im_user` WHERE  `status` = 0 ORDER BY `sort` ASC [ RunTime:0.000383s ]
[2021-04-26T23:21:58+08:00][sql] SHOW FULL COLUMNS FROM `im_chatlog` [ RunTime:0.006328s ]
[2021-04-26T23:21:58+08:00][sql] UPDATE `im_chatlog`  SET `city` = '本机地址' , `refer` = 'http://chat.me/xchat/visitor' , `utime` = 1619450518  WHERE  `sender` = 'afb0e3a73153aaf990e4dee21d1a22ab'  ORDER BY `utime` DESC LIMIT 1 [ RunTime:0.000542s ]
[2021-04-26T23:21:58+08:00][sql] SHOW FULL COLUMNS FROM `im_reply` [ RunTime:0.006267s ]
[2021-04-26T23:21:58+08:00][sql] SELECT `id`,`pid`,`name`,`content`,`type` FROM `im_reply` ORDER BY `sort` DESC [ RunTime:0.000267s ]
[2021-04-26T23:24:23+08:00][sql] CONNECT:[ UseTime:0.000832s ] mysql:host=127.0.0.1;port=3306;dbname=xchat;charset=utf8
[2021-04-26T23:24:23+08:00][sql] SHOW FULL COLUMNS FROM `im_user` [ RunTime:0.006611s ]
[2021-04-26T23:24:23+08:00][sql] SELECT uid AS id,nickname AS name,`avatar`,login_status AS status,`id` FROM `im_user` WHERE  `status` = 0 ORDER BY `sort` ASC [ RunTime:0.000418s ]
[2021-04-26T23:24:23+08:00][sql] SHOW FULL COLUMNS FROM `im_chatlog` [ RunTime:0.005945s ]
[2021-04-26T23:24:23+08:00][sql] UPDATE `im_chatlog`  SET `city` = '本机地址' , `refer` = 'http://chat.me/xchat/visitor' , `utime` = 1619450663  WHERE  `sender` = 'afb0e3a73153aaf990e4dee21d1a22ab'  ORDER BY `utime` DESC LIMIT 1 [ RunTime:0.000613s ]
[2021-04-26T23:24:23+08:00][sql] SHOW FULL COLUMNS FROM `im_reply` [ RunTime:0.005923s ]
[2021-04-26T23:24:23+08:00][sql] SELECT `id`,`pid`,`name`,`content`,`type` FROM `im_reply` ORDER BY `sort` DESC [ RunTime:0.000299s ]
[2021-04-26T23:24:32+08:00][sql] CONNECT:[ UseTime:0.000719s ] mysql:host=127.0.0.1;port=3306;dbname=xchat;charset=utf8
[2021-04-26T23:24:32+08:00][sql] SHOW FULL COLUMNS FROM `im_user` [ RunTime:0.005898s ]
[2021-04-26T23:24:32+08:00][sql] SELECT `nickname`,`avatar`,`login_status`,`logout` FROM `im_user` WHERE  `uid` = 1  AND `status` = 0 LIMIT 1 [ RunTime:0.000434s ]
[2021-04-26T23:24:32+08:00][sql] SELECT uid AS id,nickname AS name,`avatar`,login_status AS status,`id` FROM `im_user` WHERE  `uid` <> 1 ORDER BY `sort` ASC LIMIT 20 [ RunTime:0.000346s ]
[2021-04-26T23:24:32+08:00][sql] SHOW FULL COLUMNS FROM `im_match` [ RunTime:0.008390s ]
[2021-04-26T23:24:32+08:00][sql] SELECT `id`,`content` FROM `im_match` WHERE  `uid` = 1 ORDER BY `sort` DESC LIMIT 20 [ RunTime:0.000248s ]
[2021-04-26T23:25:28+08:00][sql] CONNECT:[ UseTime:0.000635s ] mysql:host=127.0.0.1;port=3306;dbname=xchat;charset=utf8
[2021-04-26T23:25:28+08:00][sql] SHOW FULL COLUMNS FROM `im_user` [ RunTime:0.006696s ]
[2021-04-26T23:25:28+08:00][sql] SELECT uid AS id,nickname AS name,`avatar`,login_status AS status,`id` FROM `im_user` WHERE  `status` = 0 ORDER BY `sort` ASC [ RunTime:0.000317s ]
[2021-04-26T23:25:28+08:00][sql] SHOW FULL COLUMNS FROM `im_chatlog` [ RunTime:0.007823s ]
[2021-04-26T23:25:28+08:00][sql] UPDATE `im_chatlog`  SET `city` = '本机地址' , `refer` = 'http://chat.me/xchat/visitor' , `utime` = 1619450728  WHERE  `sender` = 'afb0e3a73153aaf990e4dee21d1a22ab'  ORDER BY `utime` DESC LIMIT 1 [ RunTime:0.000412s ]
[2021-04-26T23:25:28+08:00][sql] SHOW FULL COLUMNS FROM `im_reply` [ RunTime:0.006255s ]
[2021-04-26T23:25:28+08:00][sql] SELECT `id`,`pid`,`name`,`content`,`type` FROM `im_reply` ORDER BY `sort` DESC [ RunTime:0.000250s ]
[2021-04-26T23:31:49+08:00][sql] CONNECT:[ UseTime:0.000698s ] mysql:host=127.0.0.1;port=3306;dbname=xchat;charset=utf8
[2021-04-26T23:31:49+08:00][sql] SHOW FULL COLUMNS FROM `im_user` [ RunTime:0.006539s ]
[2021-04-26T23:31:49+08:00][sql] SELECT uid AS id,nickname AS name,`avatar`,login_status AS status,`id` FROM `im_user` WHERE  `status` = 0 ORDER BY `sort` ASC [ RunTime:0.000350s ]
[2021-04-26T23:31:49+08:00][sql] SHOW FULL COLUMNS FROM `im_chatlog` [ RunTime:0.006961s ]
[2021-04-26T23:31:49+08:00][sql] UPDATE `im_chatlog`  SET `city` = '本机地址' , `refer` = 'http://chat.me/xchat/visitor' , `utime` = 1619451109  WHERE  `sender` = 'afb0e3a73153aaf990e4dee21d1a22ab'  ORDER BY `utime` DESC LIMIT 1 [ RunTime:0.000478s ]
[2021-04-26T23:31:49+08:00][sql] SHOW FULL COLUMNS FROM `im_reply` [ RunTime:0.006769s ]
[2021-04-26T23:31:49+08:00][sql] SELECT `id`,`pid`,`name`,`content`,`type` FROM `im_reply` ORDER BY `sort` DESC [ RunTime:0.000269s ]
[2021-04-26T23:34:00+08:00][sql] CONNECT:[ UseTime:0.000790s ] mysql:host=127.0.0.1;port=3306;dbname=xchat;charset=utf8
[2021-04-26T23:34:00+08:00][sql] SHOW FULL COLUMNS FROM `im_user` [ RunTime:0.007441s ]
[2021-04-26T23:34:00+08:00][sql] SELECT uid AS id,nickname AS name,`avatar`,login_status AS status,`id` FROM `im_user` WHERE  `status` = 0 ORDER BY `sort` ASC [ RunTime:0.000453s ]
[2021-04-26T23:34:00+08:00][sql] SHOW FULL COLUMNS FROM `im_chatlog` [ RunTime:0.007216s ]
[2021-04-26T23:34:00+08:00][sql] UPDATE `im_chatlog`  SET `city` = '本机地址' , `refer` = 'http://chat.me/xchat/visitor' , `utime` = 1619451240  WHERE  `sender` = 'afb0e3a73153aaf990e4dee21d1a22ab'  ORDER BY `utime` DESC LIMIT 1 [ RunTime:0.000660s ]
[2021-04-26T23:34:00+08:00][sql] SHOW FULL COLUMNS FROM `im_reply` [ RunTime:0.006785s ]
[2021-04-26T23:34:00+08:00][sql] SELECT `id`,`pid`,`name`,`content`,`type` FROM `im_reply` ORDER BY `sort` DESC [ RunTime:0.000502s ]
[2021-04-26T23:35:56+08:00][sql] CONNECT:[ UseTime:0.000694s ] mysql:host=127.0.0.1;port=3306;dbname=xchat;charset=utf8
[2021-04-26T23:35:56+08:00][sql] SHOW FULL COLUMNS FROM `im_user` [ RunTime:0.006604s ]
[2021-04-26T23:35:56+08:00][sql] SELECT uid AS id,nickname AS name,`avatar`,login_status AS status,`id` FROM `im_user` WHERE  `status` = 0 ORDER BY `sort` ASC [ RunTime:0.000368s ]
[2021-04-26T23:35:56+08:00][sql] SHOW FULL COLUMNS FROM `im_chatlog` [ RunTime:0.006191s ]
[2021-04-26T23:35:56+08:00][sql] UPDATE `im_chatlog`  SET `city` = '本机地址' , `refer` = 'http://chat.me/xchat/visitor' , `utime` = 1619451356  WHERE  `sender` = 'afb0e3a73153aaf990e4dee21d1a22ab'  ORDER BY `utime` DESC LIMIT 1 [ RunTime:0.000456s ]
[2021-04-26T23:35:56+08:00][sql] SHOW FULL COLUMNS FROM `im_reply` [ RunTime:0.006122s ]
[2021-04-26T23:35:56+08:00][sql] SELECT `id`,`pid`,`name`,`content`,`type` FROM `im_reply` ORDER BY `sort` DESC [ RunTime:0.000313s ]
[2021-04-26T23:36:14+08:00][sql] CONNECT:[ UseTime:0.011044s ] mysql:host=127.0.0.1;port=3306;dbname=xchat;charset=utf8
[2021-04-26T23:36:14+08:00][sql] SHOW FULL COLUMNS FROM `im_user` [ RunTime:0.079472s ]
[2021-04-26T23:36:14+08:00][sql] SELECT `nickname`,`avatar`,`login_status`,`logout` FROM `im_user` WHERE  `uid` = 1  AND `status` = 0 LIMIT 1 [ RunTime:0.001124s ]
[2021-04-26T23:36:14+08:00][sql] SELECT uid AS id,nickname AS name,`avatar`,login_status AS status,`id` FROM `im_user` WHERE  `uid` <> 1 ORDER BY `sort` ASC LIMIT 20 [ RunTime:0.000970s ]
[2021-04-26T23:36:14+08:00][sql] SHOW FULL COLUMNS FROM `im_match` [ RunTime:0.016692s ]
[2021-04-26T23:36:14+08:00][sql] SELECT `id`,`content` FROM `im_match` WHERE  `uid` = 1 ORDER BY `sort` DESC LIMIT 20 [ RunTime:0.000388s ]
[2021-04-26T23:36:21+08:00][sql] CONNECT:[ UseTime:0.000909s ] mysql:host=127.0.0.1;port=3306;dbname=xchat;charset=utf8
[2021-04-26T23:36:21+08:00][sql] SHOW FULL COLUMNS FROM `im_user` [ RunTime:0.007041s ]
[2021-04-26T23:36:21+08:00][sql] SELECT uid AS id,nickname AS name,`avatar`,login_status AS status,`id` FROM `im_user` WHERE  `status` = 0 ORDER BY `sort` ASC [ RunTime:0.000378s ]
[2021-04-26T23:36:21+08:00][sql] SHOW FULL COLUMNS FROM `im_chatlog` [ RunTime:0.007132s ]
[2021-04-26T23:36:21+08:00][sql] UPDATE `im_chatlog`  SET `city` = '本机地址' , `refer` = 'http://chat.me/xchat/visitor' , `utime` = 1619451381  WHERE  `sender` = 'afb0e3a73153aaf990e4dee21d1a22ab'  ORDER BY `utime` DESC LIMIT 1 [ RunTime:0.000590s ]
[2021-04-26T23:36:21+08:00][sql] SHOW FULL COLUMNS FROM `im_reply` [ RunTime:0.006614s ]
[2021-04-26T23:36:21+08:00][sql] SELECT `id`,`pid`,`name`,`content`,`type` FROM `im_reply` ORDER BY `sort` DESC [ RunTime:0.000450s ]
